 
****************************************
Report : area
Design : top_WIDTH8
Version: M-2016.12-SP5-3
Date   : Thu Jan 17 10:28:39 2019
****************************************

Library(s) Used:

    op_cond_typ (File: /home/user5/loreto/DClab0/LAB1/libs/nldm_op_cond_typ.db)

Number of ports:                          257
Number of nets:                          2665
Number of cells:                         2415
Number of combinational cells:           2365
Number of sequential cells:                44
Number of macros/black boxes:               0
Number of buf/inv:                        928
Number of references:                      11

Combinational area:             290504.165169
Buf/Inv area:                    89352.001297
Noncombinational area:           22325.760132
Macro/Black Box area:                0.000000
Net Interconnect area:      undefined  (No wire load specified)

Total cell area:                312829.925301
Total area:                 undefined
1
